Compiled jquery.js  (29ms)  (pid 7903)
Compiled jquery_ujs.js  (0ms)  (pid 7903)
Compiled insurance_entries.js  (90ms)  (pid 7903)
Compiled application.js  (148ms)  (pid 7903)
Compiled insurance_entries.css  (8ms)  (pid 7903)
Compiled application.css  (14ms)  (pid 7903)
Compiled jquery.js  (21ms)  (pid 7903)
Compiled jquery_ujs.js  (0ms)  (pid 7903)
Compiled insurance_entries.js  (96ms)  (pid 7903)
Compiled application.js  (140ms)  (pid 7903)
Compiled insurance_entries.css  (7ms)  (pid 7903)
Compiled application.css  (12ms)  (pid 7903)
Compiled jquery.js  (28ms)  (pid 7966)
Compiled jquery_ujs.js  (0ms)  (pid 7966)
Compiled insurance_entries.js  (114ms)  (pid 7966)
Compiled application.js  (176ms)  (pid 7966)
Compiled insurance_entries.css  (7ms)  (pid 7966)
Compiled application.css  (13ms)  (pid 7966)
Compiled jquery.js  (21ms)  (pid 7966)
Compiled jquery_ujs.js  (0ms)  (pid 7966)
Compiled insurance_entries.js  (80ms)  (pid 7966)
Compiled application.js  (123ms)  (pid 7966)
Compiled insurance_entries.css  (7ms)  (pid 7966)
Compiled application.css  (13ms)  (pid 7966)
Compiled jquery.js  (6ms)  (pid 11797)
Compiled jquery_ujs.js  (0ms)  (pid 11797)
Compiled insurance_entries.js  (112ms)  (pid 11797)
Compiled application.js  (150ms)  (pid 11797)
Compiled insurance_entries.css  (32ms)  (pid 11797)
Compiled application.css  (40ms)  (pid 11797)
Compiled jquery.js  (4ms)  (pid 11797)
Compiled jquery_ujs.js  (0ms)  (pid 11797)
Compiled insurance_entries.js  (90ms)  (pid 11797)
Compiled application.js  (115ms)  (pid 11797)
Compiled insurance_entries.css  (26ms)  (pid 11797)
Compiled application.css  (31ms)  (pid 11797)
